15:46 <+Amelii> noni nyt on viety ne helkutin labrat kelaan ni jos täs ny 1,5 kuukauden jälkee sais koht sen saikkupäätöksen >.<
15:48 <+Amelii> mä en oo nyt ihan satavarma tuunks mä sinne miittiin
15:48 <+Amelii> hekez vast 30.5 loppuu ensisijasuus eli tulee 150 päivää täyteen, sit menee eläkkeen puolelle
15:49 <+Amelii> must se on hassuu et sitä sanotaan eläkkeeks vaikkei se ois lopunelämää
15:49 <+Amelii> mä olin muutama vuos sitte 3v saikul
15:51 <+Amelii> ihme juttu vaa et sillonku olin sen 3v saikul ni ei ne mitää koskaa kyselly, anto vaa suoraa hyväksytyt päätökset. nyt mä joudun 2kk välein käymää labras ja hakee uudestaa parin kk välein tota
15:51 <+Amelii> jouduin viime kuus käydä maksatesteis ja huumeseulas
15:51 <+Amelii> ja 2kk sit sama homma
15:51 <+Amelii> tai tää oli eka huumeseula
15:51 <+Amelii> onneks en oo ees poltellu moneen kuukauteen
15:52 <+Amelii> RouVix emmä tiiä miten se tehäää mut niist voi erottaa sen kodeiinin
15:54 <+Amelii> siis sitä ne vaa haluu kattoo etten mä itse aiheuta näitä ongelmiani alkoholilla tai huumeilla
15:55 <+Amelii> joo talutin kerran kaverii kilsan matkan 40min ku se oli vetäny pullon resilarii
15:55 <+Amelii> pasko housuunsa pari kertaa siin matkal
11:36 <+Amelii> mul on 39 päivää aikaa saada itteni sellaseen kuntoon et kehtaan olla bikineis
16:04 <+Amelii> hitsi ku aloin miettii sitä miittii et menee kyl kamalasti rahaa jos tuun sinne ja meen sit viel sinne keikalle :S
16:26 <+Amelii> mä kirjotin äikäst C:n ja enkust M:n mut matikka ja psyka ei menny läpi
16:26 <+Amelii> mut nyt tarttee kirjottaa kaikki uudestaa
16:43 <+Amelii> dykel on viel pahempi et jos se menee sinne japaniin ni sil kestää matka mahelt joku 49h :D
16:44 <+Amelii> mut jee vähä siistii mennä sinne seyschelleille :) kattonu kuvii sielt ni valkosta hiekkaa ja turkoosii vettä ja ihan sika nättiä
16:47 <+Amelii> perseest ku se ei saa rahoi takas siit japanist jos peruu sen :S
22:55 < Anicyna> Amelii: myönnettäköön, et vaikka en Redramasta tykkääkään pahemmin, ni tää biisi kyl menee
22:56 <+Amelii> Anicyna :)
22:56 <+Amelii> meil oli soothen kaaihan törkeen hauskaa redraman keikalla :)
22:57 <+Amelii> kaa*
23:15 <+Amelii> Soothe tykkäs kämpästäki :)
23:24 <+Amelii> mä ostin tulpaaneja taas :)
23:44 <+Amelii> jee mul on tulppaaneja :)
23:45 <+Amelii> ja yhen tekokasvinki ostin :) kissat ei syö sitä :)
23:50 <+Amelii> samiy joo lähti
23:58 <+Amelii> Soothe on kyl ihana <3
--- Päivä vaihtui pe huhti 15 2011
00:02 <+Amelii> np: Lykke Li - I'm good I'm gone <333
00:35 <+Amelii> wuhuu olin jemmannu tonne laatikkon juustonaksupusiin :)
00:36 <+Amelii> Soothe <333333
00:36 <+Amelii> samiy <3
00:38 <+Amelii> paljonhan tos juustonaksupaketis on kaloreit
00:47 < Anicyna> http://www.youtube.com/watch?v=-vg_Asbi1BE&feature=artist
00:47 < kummitus> Linkin otsikko: } {    YouTube} {        - Dolchamar - Ni chiuj ni video} {
00:48 < Anicyna> Amelii: mitä tykkäät tosta
00:50 <+Amelii>  Anicyna ihan hyv'
00:59 <+Amelii> vittu soothe ei oo pakalla
01:02 <+Amelii> joo n\k;j''n oom sanonu n'' samat asiay soothelle tunti sitte ?D
01:02 <+Amelii> mut tosiaan yks uus p''see soothen kyydil
01:16 <+Amelii> noni redrama soi ja nukagtavis, tai oikeestaan sy;mis, fiilis
01:18 <+Amelii> otinkohan m' jo ;''kkeet
03:22 -!- Amelii [~barba@a88-115-41-242.elisa-laajakaista.fi] has quit [Signed off]